<?xml version="1.0" encoding="UTF-8"?>
<testng-results ignored="0" total="3" passed="3" failed="0" skipped="0">
  <reporter-output>
  </reporter-output>
  <suite started-at="2022-07-13T11:48:33 IST" name="Default suite" finished-at="2022-07-13T11:49:46 IST" duration-ms="73133">
    <groups>
      <group name="cucumber">
        <method signature="AbstractTestNGCucumberTests.runScenario(io.cucumber.testng.PickleWrapper,io.cucumber.testng.FeatureWrapper)[pri:0, instance:emailAutomation.EngineRunner.EngineRunner@1e1a0406]" name="runScenario" class="io.cucumber.testng.AbstractTestNGCucumberTests"/>
      </group> <!-- cucumber -->
    </groups>
    <test started-at="2022-07-13T11:48:33 IST" name="Default test" finished-at="2022-07-13T11:49:46 IST" duration-ms="73133">
      <class name="emailAutomation.EngineRunner.EngineRunner">
        <test-method is-config="true" signature="setUpClass()[pri:0, instance:emailAutomation.EngineRunner.EngineRunner@1e1a0406]" started-at="2022-07-13T11:48:33 IST" name="setUpClass" finished-at="2022-07-13T11:48:33 IST" duration-ms="828" status="PASS">
          <reporter-output>
          </reporter-output>
        </test-method> <!-- setUpClass -->
        <test-method signature="runScenario(io.cucumber.testng.PickleWrapper,io.cucumber.testng.FeatureWrapper)[pri:0, instance:emailAutomation.EngineRunner.EngineRunner@1e1a0406]" started-at="2022-07-13T11:48:33 IST" name="runScenario" description="Runs Cucumber Scenarios" data-provider="scenarios" finished-at="2022-07-13T11:49:04 IST" duration-ms="30229" status="PASS">
          <params>
            <param index="0">
              <value>
                <![CDATA["To compose an email and save in draft"]]>
              </value>
            </param>
            <param index="1">
              <value>
                <![CDATA["Optional[To verify Compose email feature]"]]>
              </value>
            </param>
          </params>
          <reporter-output>
          </reporter-output>
        </test-method> <!-- runScenario -->
        <test-method signature="runScenario(io.cucumber.testng.PickleWrapper,io.cucumber.testng.FeatureWrapper)[pri:0, instance:emailAutomation.EngineRunner.EngineRunner@1e1a0406]" started-at="2022-07-13T11:49:04 IST" name="runScenario" description="Runs Cucumber Scenarios" data-provider="scenarios" finished-at="2022-07-13T11:49:21 IST" duration-ms="17215" status="PASS">
          <params>
            <param index="0">
              <value>
                <![CDATA["To send the email from draft section"]]>
              </value>
            </param>
            <param index="1">
              <value>
                <![CDATA["Optional[To verify Compose email feature]"]]>
              </value>
            </param>
          </params>
          <reporter-output>
          </reporter-output>
        </test-method> <!-- runScenario -->
        <test-method signature="runScenario(io.cucumber.testng.PickleWrapper,io.cucumber.testng.FeatureWrapper)[pri:0, instance:emailAutomation.EngineRunner.EngineRunner@1e1a0406]" started-at="2022-07-13T11:49:21 IST" name="runScenario" description="Runs Cucumber Scenarios" data-provider="scenarios" finished-at="2022-07-13T11:49:35 IST" duration-ms="14487" status="PASS">
          <params>
            <param index="0">
              <value>
                <![CDATA["To archive an email from the inbox"]]>
              </value>
            </param>
            <param index="1">
              <value>
                <![CDATA["Optional[To verify Compose email feature]"]]>
              </value>
            </param>
          </params>
          <reporter-output>
          </reporter-output>
        </test-method> <!-- runScenario -->
        <test-method is-config="true" signature="tearDownClass()[pri:0, instance:emailAutomation.EngineRunner.EngineRunner@1e1a0406]" started-at="2022-07-13T11:49:35 IST" name="tearDownClass" finished-at="2022-07-13T11:49:46 IST" duration-ms="10330" status="PASS">
          <reporter-output>
          </reporter-output>
        </test-method> <!-- tearDownClass -->
      </class> <!-- emailAutomation.EngineRunner.EngineRunner -->
    </test> <!-- Default test -->
  </suite> <!-- Default suite -->
</testng-results>
